#TYPE System.IO.FileInfo
"PSPath","PSParentPath","PSChildName","PSDrive","PSProvider","PSIsContainer","Mode","VersionInfo","BaseName","Target","LinkType","Name","Length","DirectoryName","Directory","IsReadOnly","Exists","FullName","Extension","CreationTime","CreationTimeUtc","LastAccessTime","LastAccessTimeUtc","LastWriteTime","LastWriteTimeUtc","Attributes"
"Microsoft.PowerShell.Core\FileSystem::C:\Users\champuser\SYS-320-Automating-and-Scripting\week2\csv_script.ps1","Microsoft.PowerShell.Core\FileSystem::C:\Users\champuser\SYS-320-Automating-and-Scripting\week2","csv_script.ps1","C","Microsoft.PowerShell.Core\FileSystem","False","-a----","File:             C:\Users\champuser\SYS-320-Automating-and-Scripting\week2\csv_script.ps1
InternalName:     
OriginalFilename: 
FileVersion:      
FileDescription:  
Product:          
ProductVersion:   
Debug:            False
Patched:          False
PreRelease:       False
PrivateBuild:     False
SpecialBuild:     False
Language:         
","csv_script","System.Collections.Generic.List`1[System.String]",,"csv_script.ps1","194","C:\Users\champuser\SYS-320-Automating-and-Scripting\week2","C:\Users\champuser\SYS-320-Automating-and-Scripting\week2","False","True","C:\Users\champuser\SYS-320-Automating-and-Scripting\week2\csv_script.ps1",".ps1","9/29/2025 10:17:14 PM","9/30/2025 2:17:14 AM","9/29/2025 10:30:21 PM","9/30/2025 2:30:21 AM","9/29/2025 10:30:21 PM","9/30/2025 2:30:21 AM","Archive"
"Microsoft.PowerShell.Core\FileSystem::C:\Users\champuser\SYS-320-Automating-and-Scripting\week2\Exetension.ps1","Microsoft.PowerShell.Core\FileSystem::C:\Users\champuser\SYS-320-Automating-and-Scripting\week2","Exetension.ps1","C","Microsoft.PowerShell.Core\FileSystem","False","-a----","File:             C:\Users\champuser\SYS-320-Automating-and-Scripting\week2\Exetension.ps1
InternalName:     
OriginalFilename: 
FileVersion:      
FileDescription:  
Product:          
ProductVersion:   
Debug:            False
Patched:          False
PreRelease:       False
PrivateBuild:     False
SpecialBuild:     False
Language:         
","Exetension","System.Collections.Generic.List`1[System.String]",,"Exetension.ps1","256","C:\Users\champuser\SYS-320-Automating-and-Scripting\week2","C:\Users\champuser\SYS-320-Automating-and-Scripting\week2","False","True","C:\Users\champuser\SYS-320-Automating-and-Scripting\week2\Exetension.ps1",".ps1","9/29/2025 9:58:22 PM","9/30/2025 1:58:22 AM","9/29/2025 10:04:40 PM","9/30/2025 2:04:40 AM","9/29/2025 10:04:40 PM","9/30/2025 2:04:40 AM","Archive"
"Microsoft.PowerShell.Core\FileSystem::C:\Users\champuser\SYS-320-Automating-and-Scripting\week2\extension-script.ps1","Microsoft.PowerShell.Core\FileSystem::C:\Users\champuser\SYS-320-Automating-and-Scripting\week2","extension-script.ps1","C","Microsoft.PowerShell.Core\FileSystem","False","-a----","File:             C:\Users\champuser\SYS-320-Automating-and-Scripting\week2\extension-script.ps1
InternalName:     
OriginalFilename: 
FileVersion:      
FileDescription:  
Product:          
ProductVersion:   
Debug:            False
Patched:          False
PreRelease:       False
PrivateBuild:     False
SpecialBuild:     False
Language:         
","extension-script","System.Collections.Generic.List`1[System.String]",,"extension-script.ps1","167","C:\Users\champuser\SYS-320-Automating-and-Scripting\week2","C:\Users\champuser\SYS-320-Automating-and-Scripting\week2","False","True","C:\Users\champuser\SYS-320-Automating-and-Scripting\week2\extension-script.ps1",".ps1","9/27/2025 5:01:06 PM","9/27/2025 9:01:06 PM","9/27/2025 5:03:35 PM","9/27/2025 9:03:35 PM","9/27/2025 5:03:35 PM","9/27/2025 9:03:35 PM","Archive"
"Microsoft.PowerShell.Core\FileSystem::C:\Users\champuser\SYS-320-Automating-and-Scripting\week2\Hi_Laksyha.ps1","Microsoft.PowerShell.Core\FileSystem::C:\Users\champuser\SYS-320-Automating-and-Scripting\week2","Hi_Laksyha.ps1","C","Microsoft.PowerShell.Core\FileSystem","False","-a----","File:             C:\Users\champuser\SYS-320-Automating-and-Scripting\week2\Hi_Laksyha.ps1
InternalName:     
OriginalFilename: 
FileVersion:      
FileDescription:  
Product:          
ProductVersion:   
Debug:            False
Patched:          False
PreRelease:       False
PrivateBuild:     False
SpecialBuild:     False
Language:         
","Hi_Laksyha","System.Collections.Generic.List`1[System.String]",,"Hi_Laksyha.ps1","15","C:\Users\champuser\SYS-320-Automating-and-Scripting\week2","C:\Users\champuser\SYS-320-Automating-and-Scripting\week2","False","True","C:\Users\champuser\SYS-320-Automating-and-Scripting\week2\Hi_Laksyha.ps1",".ps1","9/29/2025 10:02:55 PM","9/30/2025 2:02:55 AM","9/29/2025 10:02:56 PM","9/30/2025 2:02:56 AM","9/29/2025 10:02:56 PM","9/30/2025 2:02:56 AM","Archive"
"Microsoft.PowerShell.Core\FileSystem::C:\Users\champuser\SYS-320-Automating-and-Scripting\week2\I_Love_Scripting.ps1","Microsoft.PowerShell.Core\FileSystem::C:\Users\champuser\SYS-320-Automating-and-Scripting\week2","I_Love_Scripting.ps1","C","Microsoft.PowerShell.Core\FileSystem","False","-a----","File:             C:\Users\champuser\SYS-320-Automating-and-Scripting\week2\I_Love_Scripting.ps1
InternalName:     
OriginalFilename: 
FileVersion:      
FileDescription:  
Product:          
ProductVersion:   
Debug:            False
Patched:          False
PreRelease:       False
PrivateBuild:     False
SpecialBuild:     False
Language:         
","I_Love_Scripting","System.Collections.Generic.List`1[System.String]",,"I_Love_Scripting.ps1","16","C:\Users\champuser\SYS-320-Automating-and-Scripting\week2","C:\Users\champuser\SYS-320-Automating-and-Scripting\week2","False","True","C:\Users\champuser\SYS-320-Automating-and-Scripting\week2\I_Love_Scripting.ps1",".ps1","9/29/2025 10:02:27 PM","9/30/2025 2:02:27 AM","9/29/2025 10:02:30 PM","9/30/2025 2:02:30 AM","9/29/2025 10:02:30 PM","9/30/2025 2:02:30 AM","Archive"
"Microsoft.PowerShell.Core\FileSystem::C:\Users\champuser\SYS-320-Automating-and-Scripting\week2\outfolder_script.ps1","Microsoft.PowerShell.Core\FileSystem::C:\Users\champuser\SYS-320-Automating-and-Scripting\week2","outfolder_script.ps1","C","Microsoft.PowerShell.Core\FileSystem","False","-a----","File:             C:\Users\champuser\SYS-320-Automating-and-Scripting\week2\outfolder_script.ps1
InternalName:     
OriginalFilename: 
FileVersion:      
FileDescription:  
Product:          
ProductVersion:   
Debug:            False
Patched:          False
PreRelease:       False
PrivateBuild:     False
SpecialBuild:     False
Language:         
","outfolder_script","System.Collections.Generic.List`1[System.String]",,"outfolder_script.ps1","220","C:\Users\champuser\SYS-320-Automating-and-Scripting\week2","C:\Users\champuser\SYS-320-Automating-and-Scripting\week2","False","True","C:\Users\champuser\SYS-320-Automating-and-Scripting\week2\outfolder_script.ps1",".ps1","9/29/2025 10:11:06 PM","9/30/2025 2:11:06 AM","9/29/2025 10:11:06 PM","9/30/2025 2:11:06 AM","9/29/2025 10:11:06 PM","9/30/2025 2:11:06 AM","Archive"
